[debug] [2020-10-05T20:22:04.902Z] ----------------------------------------------------------------------
[debug] [2020-10-05T20:22:04.904Z] Command:       C:\laragon\bin\nodejs\node-v12\node.exe C:\laragon\bin\nodejs\node-v12\node_modules\firebase-tools\lib\bin\firebase.js init
[debug] [2020-10-05T20:22:04.905Z] CLI Version:   8.10.0
[debug] [2020-10-05T20:22:04.905Z] Platform:      win32
[debug] [2020-10-05T20:22:04.905Z] Node Version:  v12.5.0
[debug] [2020-10-05T20:22:04.907Z] Time:          Mon Oct 05 2020 13:22:04 GMT-0700 (Pacific Daylight Time)
[debug] [2020-10-05T20:22:04.907Z] ----------------------------------------------------------------------
[debug] [2020-10-05T20:22:04.907Z] 
[debug] [2020-10-05T20:22:04.917Z] > command requires scopes: ["email","openid","https://www.googleapis.com/auth/cloudplatformprojects.readonly","https://www.googleapis.com/auth/firebase","https://www.googleapis.com/auth/cloud-platform"]
[debug] [2020-10-05T20:22:04.918Z] > authorizing via signed-in user
[info] 
     ######## #### ########  ######## ########     ###     ######  ########
     ##        ##  ##     ## ##       ##     ##  ##   ##  ##       ##
     ######    ##  ########  ######   ########  #########  ######  ######
     ##        ##  ##    ##  ##       ##     ## ##     ##       ## ##
     ##       #### ##     ## ######## ########  ##     ##  ######  ########

You're about to initialize a Firebase project in this directory:

  C:\Users\Matthew\Desktop\firebase-tic-tac-toe

Before we get started, keep in mind:

  * You are initializing in an existing Firebase project directory

